{"/Users/goro/AutoTest/JsTest/index.js":{"path":"/Users/goro/AutoTest/JsTest/index.js","s":{"1":1,"2":1,"3":1,"4":1,"5":0,"6":1,"7":0},"b":{},"f":{},"fnMap":{},"statementMap":{"1":{"start":{"line":2,"column":0},"end":{"line":2,"column":42}},"2":{"start":{"line":3,"column":0},"end":{"line":3,"column":35}},"3":{"start":{"line":3,"column":24},"end":{"line":3,"column":35}},"4":{"start":{"line":5,"column":0},"end":{"line":5,"column":43}},"5":{"start":{"line":5,"column":28},"end":{"line":5,"column":43}},"6":{"start":{"line":6,"column":0},"end":{"line":6,"column":84}},"7":{"start":{"line":6,"column":39},"end":{"line":6,"column":84}}},"branchMap":{}},"/Users/goro/AutoTest/JsTest/lib/sample-lib.js":{"path":"/Users/goro/AutoTest/JsTest/lib/sample-lib.js","s":{"1":1,"2":0,"3":1,"4":0,"5":0,"6":0,"7":0},"b":{},"f":{},"fnMap":{},"statementMap":{"1":{"start":{"line":2,"column":0},"end":{"line":2,"column":38}},"2":{"start":{"line":2,"column":26},"end":{"line":2,"column":38}},"3":{"start":{"line":4,"column":0},"end":{"line":10,"column":1}},"4":{"start":{"line":5,"column":2},"end":{"line":5,"column":16}},"5":{"start":{"line":6,"column":2},"end":{"line":8,"column":3}},"6":{"start":{"line":7,"column":4},"end":{"line":7,"column":15}},"7":{"start":{"line":9,"column":2},"end":{"line":9,"column":15}}},"branchMap":{}}}